[2025-09-26 11:09:13] [INFO] 🔄 [플레이어] 전사 경은이 초기화 완료 → HP 100, MANA 0
[2025-09-26 11:09:13] [INFO] 🔄 [적] 도적 초기화 완료 → HP 90, MANA 0
[2025-09-26 11:09:13] [INFO] === 전투 시작: 플레이어 - [플레이어] 전사 경은이 VS 적 - [적] 도적 ===
[2025-09-26 11:09:13] [INFO] ※ 적이(가) 먼저 공격합니다!
[2025-09-26 11:09:14] [INFO] --- 적 - [적] 도적의 턴 ---
[2025-09-26 11:09:14] [INFO] [플레이어] 전사 경은이 체력 감소! 남은 체력: 90
[2025-09-26 11:09:14] [INFO] [적] 도적 기본 공격! 10 데미지
[2025-09-26 11:09:14] [INFO] [플레이어] 전사 경은이 | LV: 1 | HP: 90/100
[2025-09-26 11:09:14] [INFO] --- 플레이어 - [플레이어] 전사 경은이의 턴 ---
[2025-09-26 11:09:17] [INFO] [적] 도적 체력 감소! 남은 체력: 72
[2025-09-26 11:09:17] [INFO] [플레이어] 전사 경은이 기본 공격! 18 데미지
[2025-09-26 11:09:17] [INFO] [플레이어] 전사 경은이 턴 종료 후 체력 10 회복 → 현재 HP: 100
[2025-09-26 11:09:17] [INFO] [적] 도적 | LV: 1 | HP: 72/90
[2025-09-26 11:09:18] [INFO] --- 적 - [적] 도적의 턴 ---
[2025-09-26 11:09:18] [INFO] [플레이어] 전사 경은이 체력 감소! 남은 체력: 90
[2025-09-26 11:09:18] [INFO] [적] 도적 기본 공격! 10 데미지
[2025-09-26 11:09:18] [INFO] [플레이어] 전사 경은이 | LV: 1 | HP: 90/100
[2025-09-26 11:09:19] [INFO] --- 플레이어 - [플레이어] 전사 경은이의 턴 ---
[2025-09-26 11:09:19] [INFO] [적] 도적 체력 감소! 남은 체력: 54
[2025-09-26 11:09:19] [INFO] [플레이어] 전사 경은이 기본 공격! 18 데미지
[2025-09-26 11:09:19] [INFO] [플레이어] 전사 경은이 턴 종료 후 체력 10 회복 → 현재 HP: 100
[2025-09-26 11:09:19] [INFO] [적] 도적 | LV: 1 | HP: 54/90
[2025-09-26 11:09:21] [INFO] --- 적 - [적] 도적의 턴 ---
[2025-09-26 11:09:21] [INFO] [플레이어] 전사 경은이 체력 감소! 남은 체력: 71
[2025-09-26 11:09:21] [INFO] [적] 도적 급습 성공! 29 데미지
[2025-09-26 11:09:21] [INFO] [플레이어] 전사 경은이 | LV: 1 | HP: 71/100
[2025-09-26 11:09:21] [INFO] --- 플레이어 - [플레이어] 전사 경은이의 턴 ---
[2025-09-26 11:09:21] [INFO] [적] 도적 체력 감소! 남은 체력: 36
[2025-09-26 11:09:21] [INFO] [플레이어] 전사 경은이 기본 공격! 18 데미지
[2025-09-26 11:09:21] [INFO] [플레이어] 전사 경은이 턴 종료 후 체력 10 회복 → 현재 HP: 81
[2025-09-26 11:09:21] [INFO] [적] 도적 | LV: 1 | HP: 36/90
[2025-09-26 11:09:23] [INFO] --- 적 - [적] 도적의 턴 ---
[2025-09-26 11:09:23] [INFO] [플레이어] 전사 경은이 체력 감소! 남은 체력: 71
[2025-09-26 11:09:23] [INFO] [적] 도적 기본 공격! 10 데미지
[2025-09-26 11:09:23] [INFO] [플레이어] 전사 경은이 | LV: 1 | HP: 71/100
[2025-09-26 11:09:23] [INFO] --- 플레이어 - [플레이어] 전사 경은이의 턴 ---
[2025-09-26 11:09:24] [INFO] [적] 도적 체력 감소! 남은 체력: 18
[2025-09-26 11:09:24] [INFO] [플레이어] 전사 경은이 기본 공격! 18 데미지
[2025-09-26 11:09:24] [INFO] [플레이어] 전사 경은이 턴 종료 후 체력 10 회복 → 현재 HP: 81
[2025-09-26 11:09:24] [INFO] [적] 도적 | LV: 1 | HP: 18/90
[2025-09-26 11:09:26] [INFO] --- 적 - [적] 도적의 턴 ---
[2025-09-26 11:09:26] [INFO] [플레이어] 전사 경은이 체력 감소! 남은 체력: 71
[2025-09-26 11:09:26] [INFO] [적] 도적 기본 공격! 10 데미지
[2025-09-26 11:09:26] [INFO] [플레이어] 전사 경은이 | LV: 1 | HP: 71/100
[2025-09-26 11:09:26] [INFO] --- 플레이어 - [플레이어] 전사 경은이의 턴 ---
[2025-09-26 11:09:26] [INFO] [적] 도적 체력 감소! 남은 체력: 0
[2025-09-26 11:09:26] [INFO] [플레이어] 전사 경은이 기본 공격! 18 데미지
[2025-09-26 11:09:26] [INFO] [플레이어] 전사 경은이 턴 종료 후 체력 10 회복 → 현재 HP: 81
[2025-09-26 11:09:26] [INFO] [적] 도적 | LV: 1 | HP: 0/90
[2025-09-26 11:09:28] [INFO] 🎉 플레이어 - [플레이어] 전사 경은이 승리! 🎉
[2025-09-26 11:09:28] [INFO] ✨ [플레이어] 전사 경은이 레벨업! LV:2, HP:110, ATK:17
[2025-09-26 11:09:28] [INFO] [플레이어] 전사 경은이 체력 회복! 이미 최대 체력입니다. 현재 HP: 110
[2025-09-26 11:09:28] [INFO] 🎁 랜덤 이벤트: 체력 회복 포션 획득! HP +15
[2025-09-26 11:09:28] [INFO] 🔄 [플레이어] 전사 경은이 초기화 완료 → HP 110, MANA 0
[2025-09-26 11:09:28] [INFO] 🔄 [적] 도적 초기화 완료 → HP 90, MANA 0
[2025-09-26 11:09:28] [INFO] --- 다음 라운드를 위해 체력/마나/상태 초기화 완료 ---
[2025-09-26 11:10:05] [INFO] 게임을 종료합니다. 👋
