[2025-09-26 11:17:41] [INFO] 🔄 [플레이어] 전사 test 초기화 완료 → HP 100, MANA 0
[2025-09-26 11:17:41] [INFO] 🔄 [적] 도적 초기화 완료 → HP 90, MANA 0
[2025-09-26 11:17:41] [INFO] === 전투 시작: 플레이어 - [플레이어] 전사 test VS 적 - [적] 도적 ===
[2025-09-26 11:17:41] [INFO] ※ 적이(가) 먼저 공격합니다!
[2025-09-26 11:17:42] [INFO] --- 적 - [적] 도적의 턴 ---
[2025-09-26 11:17:42] [INFO] [플레이어] 전사 test 체력 감소! 남은 체력: 71
[2025-09-26 11:17:42] [INFO] [적] 도적 급습 성공! 29 데미지
[2025-09-26 11:17:42] [INFO] [플레이어] 전사 test | LV: 1 | HP: 71/100
[2025-09-26 11:17:43] [INFO] --- 플레이어 - [플레이어] 전사 test의 턴 ---
[2025-09-26 11:17:44] [INFO] [적] 도적 체력 감소! 남은 체력: 54
[2025-09-26 11:17:44] [INFO] [플레이어] 전사 test 강력한 일격!! 36 데미지, 체력 5 감소 → 남은 HP: 66
[2025-09-26 11:17:44] [INFO] [플레이어] 전사 test 턴 종료 후 체력 2 회복 → 현재 HP: 68
[2025-09-26 11:17:44] [INFO] [적] 도적 | LV: 1 | HP: 54/90
[2025-09-26 11:17:45] [INFO] --- 적 - [적] 도적의 턴 ---
[2025-09-26 11:17:45] [INFO] [플레이어] 전사 test 체력 감소! 남은 체력: 39
[2025-09-26 11:17:45] [INFO] [적] 도적 급습 성공! 29 데미지
[2025-09-26 11:17:45] [INFO] [플레이어] 전사 test | LV: 1 | HP: 39/100
[2025-09-26 11:17:46] [INFO] --- 플레이어 - [플레이어] 전사 test의 턴 ---
[2025-09-26 11:17:47] [INFO] [플레이어] 전사 test 특수 공격 실패!
[2025-09-26 11:17:47] [INFO] [플레이어] 전사 test 턴 종료 후 체력 2 회복 → 현재 HP: 41
[2025-09-26 11:17:47] [INFO] [적] 도적 | LV: 1 | HP: 54/90
[2025-09-26 11:17:49] [INFO] --- 적 - [적] 도적의 턴 ---
[2025-09-26 11:17:49] [INFO] [플레이어] 전사 test 체력 감소! 남은 체력: 31
[2025-09-26 11:17:49] [INFO] [적] 도적 기본 공격! 10 데미지
[2025-09-26 11:17:49] [INFO] [플레이어] 전사 test | LV: 1 | HP: 31/100
[2025-09-26 11:17:49] [INFO] --- 플레이어 - [플레이어] 전사 test의 턴 ---
[2025-09-26 11:17:50] [INFO] [적] 도적 체력 감소! 남은 체력: 18
[2025-09-26 11:17:50] [INFO] [플레이어] 전사 test 강력한 일격!! 36 데미지, 체력 5 감소 → 남은 HP: 26
[2025-09-26 11:17:50] [INFO] [플레이어] 전사 test 턴 종료 후 체력 2 회복 → 현재 HP: 28
[2025-09-26 11:17:50] [INFO] [적] 도적 | LV: 1 | HP: 18/90
[2025-09-26 11:17:51] [INFO] --- 적 - [적] 도적의 턴 ---
[2025-09-26 11:17:51] [INFO] [플레이어] 전사 test 체력 감소! 남은 체력: 0
[2025-09-26 11:17:51] [INFO] [적] 도적 급습 성공! 29 데미지
[2025-09-26 11:17:51] [INFO] [플레이어] 전사 test | LV: 1 | HP: 0/100
[2025-09-26 11:17:53] [INFO] 💀 플레이어 [플레이어] 전사 test 패배...💀
[2025-09-26 11:17:53] [INFO] 💀 당신은 패배했습니다. 게임 오버...
