[2025-09-26 11:14:17] [INFO] 🔄 [플레이어] 전사 경은이 초기화 완료 → HP 100, MANA 0
[2025-09-26 11:14:17] [INFO] 🔄 [적] 도적 초기화 완료 → HP 90, MANA 0
[2025-09-26 11:14:17] [INFO] === 전투 시작: 플레이어 - [플레이어] 전사 경은이 VS 적 - [적] 도적 ===
[2025-09-26 11:14:17] [INFO] ※ 적이(가) 먼저 공격합니다!
[2025-09-26 11:14:18] [INFO] --- 적 - [적] 도적의 턴 ---
[2025-09-26 11:14:18] [INFO] [적] 도적 급습 실패! 공격하지 못함
[2025-09-26 11:14:18] [INFO] [플레이어] 전사 경은이 | LV: 1 | HP: 100/100
[2025-09-26 11:14:19] [INFO] --- 플레이어 - [플레이어] 전사 경은이의 턴 ---
[2025-09-26 11:14:20] [INFO] [적] 도적 체력 감소! 남은 체력: 72
[2025-09-26 11:14:20] [INFO] [플레이어] 전사 경은이 기본 공격! 18 데미지
[2025-09-26 11:14:20] [INFO] [플레이어] 전사 경은이 턴 종료 후 현재 HP: 100
[2025-09-26 11:14:20] [INFO] [적] 도적 | LV: 1 | HP: 72/90
[2025-09-26 11:14:22] [INFO] --- 적 - [적] 도적의 턴 ---
[2025-09-26 11:14:22] [INFO] [적] 도적 급습 실패! 공격하지 못함
[2025-09-26 11:14:22] [INFO] [플레이어] 전사 경은이 | LV: 1 | HP: 100/100
[2025-09-26 11:14:22] [INFO] --- 플레이어 - [플레이어] 전사 경은이의 턴 ---
[2025-09-26 11:14:23] [INFO] [적] 도적 체력 감소! 남은 체력: 54
[2025-09-26 11:14:23] [INFO] [플레이어] 전사 경은이 기본 공격! 18 데미지
[2025-09-26 11:14:23] [INFO] [플레이어] 전사 경은이 턴 종료 후 현재 HP: 100
[2025-09-26 11:14:23] [INFO] [적] 도적 | LV: 1 | HP: 54/90
[2025-09-26 11:14:24] [INFO] --- 적 - [적] 도적의 턴 ---
[2025-09-26 11:14:24] [INFO] [플레이어] 전사 경은이이(가) 공격을 회피하였습니다!
[2025-09-26 11:14:24] [INFO] [플레이어] 전사 경은이 | LV: 1 | HP: 100/100
[2025-09-26 11:14:25] [INFO] --- 플레이어 - [플레이어] 전사 경은이의 턴 ---
[2025-09-26 11:14:25] [INFO] [적] 도적 체력 감소! 남은 체력: 36
[2025-09-26 11:14:25] [INFO] [플레이어] 전사 경은이 기본 공격! 18 데미지
[2025-09-26 11:14:25] [INFO] [플레이어] 전사 경은이 턴 종료 후 현재 HP: 100
[2025-09-26 11:14:25] [INFO] [적] 도적 | LV: 1 | HP: 36/90
[2025-09-26 11:14:27] [INFO] --- 적 - [적] 도적의 턴 ---
[2025-09-26 11:14:27] [INFO] [플레이어] 전사 경은이 체력 감소! 남은 체력: 90
[2025-09-26 11:14:27] [INFO] [적] 도적 기본 공격! 10 데미지
[2025-09-26 11:14:27] [INFO] [플레이어] 전사 경은이 | LV: 1 | HP: 90/100
[2025-09-26 11:14:27] [INFO] --- 플레이어 - [플레이어] 전사 경은이의 턴 ---
[2025-09-26 11:14:28] [INFO] [적] 도적 체력 감소! 남은 체력: 18
[2025-09-26 11:14:28] [INFO] [플레이어] 전사 경은이 기본 공격! 18 데미지
[2025-09-26 11:14:28] [INFO] [플레이어] 전사 경은이 턴 종료 후 체력 2 회복 → 현재 HP: 92
[2025-09-26 11:14:28] [INFO] [적] 도적 | LV: 1 | HP: 18/90
[2025-09-26 11:14:29] [INFO] --- 적 - [적] 도적의 턴 ---
[2025-09-26 11:14:29] [INFO] [플레이어] 전사 경은이 체력 감소! 남은 체력: 82
[2025-09-26 11:14:29] [INFO] [적] 도적 기본 공격! 10 데미지
[2025-09-26 11:14:29] [INFO] [플레이어] 전사 경은이 | LV: 1 | HP: 82/100
[2025-09-26 11:14:30] [INFO] --- 플레이어 - [플레이어] 전사 경은이의 턴 ---
[2025-09-26 11:14:33] [INFO] [적] 도적 체력 감소! 남은 체력: 0
[2025-09-26 11:14:33] [INFO] [플레이어] 전사 경은이 기본 공격! 18 데미지
[2025-09-26 11:14:33] [INFO] [플레이어] 전사 경은이 턴 종료 후 체력 2 회복 → 현재 HP: 84
[2025-09-26 11:14:33] [INFO] [적] 도적 | LV: 1 | HP: 0/90
[2025-09-26 11:14:34] [INFO] 🎉 플레이어 - [플레이어] 전사 경은이 승리! 🎉
[2025-09-26 11:14:34] [INFO] ✨ [플레이어] 전사 경은이 레벨업! LV:2, HP:110, ATK:17
[2025-09-26 11:14:34] [INFO] 🎁 랜덤 이벤트: 체력 회복 포션 획득! 최대 HP +15
[2025-09-26 11:14:34] [INFO] 🔄 [플레이어] 전사 경은이 초기화 완료 → HP 125, MANA 0
[2025-09-26 11:14:34] [INFO] 🔄 [적] 도적 초기화 완료 → HP 90, MANA 0
[2025-09-26 11:14:34] [INFO] --- 다음 라운드를 위해 체력/마나/상태 초기화 완료 ---
[2025-09-26 11:14:39] [INFO] 게임을 종료합니다. 👋
