[2025-09-26 11:18:13] [INFO] 🔄 [플레이어] 전사 test 초기화 완료 → HP 100, MANA 0
[2025-09-26 11:18:13] [INFO] 🔄 [적] 도적 초기화 완료 → HP 90, MANA 0
[2025-09-26 11:18:13] [INFO] === 전투 시작: 플레이어 - [플레이어] 전사 test VS 적 - [적] 도적 ===
[2025-09-26 11:18:13] [INFO] ※ 플레이어이(가) 먼저 공격합니다!
[2025-09-26 11:18:14] [INFO] --- 플레이어 - [플레이어] 전사 test의 턴 ---
[2025-09-26 11:18:15] [INFO] [적] 도적 체력 감소! 남은 체력: 72
[2025-09-26 11:18:15] [INFO] [플레이어] 전사 test 기본 공격! 18 데미지
[2025-09-26 11:18:15] [INFO] [플레이어] 전사 test 턴 종료 후 현재 HP: 100
[2025-09-26 11:18:15] [INFO] [적] 도적 | LV: 1 | HP: 72/90
[2025-09-26 11:18:15] [INFO] --- 적 - [적] 도적의 턴 ---
[2025-09-26 11:18:15] [INFO] [플레이어] 전사 test이(가) 공격을 회피하였습니다!
[2025-09-26 11:18:15] [INFO] [플레이어] 전사 test | LV: 1 | HP: 100/100
[2025-09-26 11:18:17] [INFO] --- 플레이어 - [플레이어] 전사 test의 턴 ---
[2025-09-26 11:18:17] [INFO] [적] 도적 체력 감소! 남은 체력: 36
[2025-09-26 11:18:17] [INFO] [플레이어] 전사 test 강력한 일격!! 36 데미지, 체력 5 감소 → 남은 HP: 95
[2025-09-26 11:18:17] [INFO] [플레이어] 전사 test 턴 종료 후 체력 2 회복 → 현재 HP: 97
[2025-09-26 11:18:17] [INFO] [적] 도적 | LV: 1 | HP: 36/90
[2025-09-26 11:18:18] [INFO] --- 적 - [적] 도적의 턴 ---
[2025-09-26 11:18:18] [INFO] [플레이어] 전사 test이(가) 공격을 회피하였습니다!
[2025-09-26 11:18:18] [INFO] [플레이어] 전사 test | LV: 1 | HP: 97/100
[2025-09-26 11:18:19] [INFO] --- 플레이어 - [플레이어] 전사 test의 턴 ---
[2025-09-26 11:18:20] [INFO] [적] 도적 체력 감소! 남은 체력: 18
[2025-09-26 11:18:20] [INFO] [플레이어] 전사 test 기본 공격! 18 데미지
[2025-09-26 11:18:20] [INFO] [플레이어] 전사 test 턴 종료 후 체력 2 회복 → 현재 HP: 99
[2025-09-26 11:18:20] [INFO] [적] 도적 | LV: 1 | HP: 18/90
[2025-09-26 11:18:20] [INFO] --- 적 - [적] 도적의 턴 ---
[2025-09-26 11:18:20] [INFO] [플레이어] 전사 test 체력 감소! 남은 체력: 70
[2025-09-26 11:18:20] [INFO] [적] 도적 급습 성공! 29 데미지
[2025-09-26 11:18:20] [INFO] [플레이어] 전사 test | LV: 1 | HP: 70/100
[2025-09-26 11:18:22] [INFO] --- 플레이어 - [플레이어] 전사 test의 턴 ---
[2025-09-26 11:18:22] [INFO] [플레이어] 전사 test 특수 공격 실패!
[2025-09-26 11:18:22] [INFO] [플레이어] 전사 test 턴 종료 후 체력 2 회복 → 현재 HP: 72
[2025-09-26 11:18:22] [INFO] [적] 도적 | LV: 1 | HP: 18/90
[2025-09-26 11:18:23] [INFO] --- 적 - [적] 도적의 턴 ---
[2025-09-26 11:18:23] [INFO] [플레이어] 전사 test 체력 감소! 남은 체력: 62
[2025-09-26 11:18:23] [INFO] [적] 도적 기본 공격! 10 데미지
[2025-09-26 11:18:23] [INFO] [플레이어] 전사 test | LV: 1 | HP: 62/100
[2025-09-26 11:18:24] [INFO] --- 플레이어 - [플레이어] 전사 test의 턴 ---
[2025-09-26 11:18:25] [INFO] [적] 도적 체력 감소! 남은 체력: 0
[2025-09-26 11:18:25] [INFO] [플레이어] 전사 test 기본 공격! 18 데미지
[2025-09-26 11:18:25] [INFO] [플레이어] 전사 test 턴 종료 후 체력 2 회복 → 현재 HP: 64
[2025-09-26 11:18:25] [INFO] [적] 도적 | LV: 1 | HP: 0/90
[2025-09-26 11:18:26] [INFO] 🎉 플레이어 - [플레이어] 전사 test 승리! 🎉
[2025-09-26 11:18:26] [INFO] ✨ [플레이어] 전사 test 레벨업! LV:2, HP:110, ATK:17
[2025-09-26 11:18:26] [INFO] [플레이어] 전사 test이(가) 강철검 장착! ATK+5, HP+0
[2025-09-26 11:18:26] [INFO] 🔄 [플레이어] 전사 test 초기화 완료 → HP 110, MANA 0
[2025-09-26 11:18:26] [INFO] 🔄 [적] 도적 초기화 완료 → HP 90, MANA 0
[2025-09-26 11:18:26] [INFO] --- 다음 라운드를 위해 체력/마나/상태 초기화 완료 ---
[2025-09-26 11:18:31] [INFO] 🔄 [플레이어] 전사 test 초기화 완료 → HP 110, MANA 0
[2025-09-26 11:18:31] [INFO] 🔄 [적] 마법사 초기화 완료 → HP 80, MANA 100
[2025-09-26 11:18:31] [INFO] === 전투 시작: 플레이어 - [플레이어] 전사 test VS 적 - [적] 마법사 ===
[2025-09-26 11:18:31] [INFO] ※ 적이(가) 먼저 공격합니다!
[2025-09-26 11:18:32] [INFO] --- 적 - [적] 마법사의 턴 ---
[2025-09-26 11:18:32] [INFO] [플레이어] 전사 test 체력 감소! 남은 체력: 88
[2025-09-26 11:18:32] [INFO] [적] 마법사 기본 공격! 22 데미지
[2025-09-26 11:18:32] [INFO] [플레이어] 전사 test | LV: 2 | HP: 88/110
[2025-09-26 11:18:32] [INFO] --- 플레이어 - [플레이어] 전사 test의 턴 ---
[2025-09-26 11:18:33] [INFO] [적] 마법사 체력 감소! 남은 체력: 62
[2025-09-26 11:18:33] [INFO] [플레이어] 전사 test 기본 공격! 18 데미지
[2025-09-26 11:18:33] [INFO] [플레이어] 전사 test 턴 종료 후 체력 2 회복 → 현재 HP: 90
[2025-09-26 11:18:33] [INFO] [적] 마법사 | LV: 1 | HP: 62/80 | Mana: 100
[2025-09-26 11:18:35] [INFO] --- 적 - [적] 마법사의 턴 ---
[2025-09-26 11:18:35] [INFO] [플레이어] 전사 test 체력 감소! 남은 체력: 68
[2025-09-26 11:18:35] [INFO] [적] 마법사 기본 공격! 22 데미지
[2025-09-26 11:18:35] [INFO] [플레이어] 전사 test | LV: 2 | HP: 68/110
[2025-09-26 11:18:35] [INFO] --- 플레이어 - [플레이어] 전사 test의 턴 ---
[2025-09-26 11:18:37] [INFO] [플레이어] 전사 test 특수 공격 실패!
[2025-09-26 11:18:37] [INFO] [플레이어] 전사 test 턴 종료 후 체력 2 회복 → 현재 HP: 70
[2025-09-26 11:18:37] [INFO] [적] 마법사 | LV: 1 | HP: 62/80 | Mana: 100
[2025-09-26 11:18:38] [INFO] --- 적 - [적] 마법사의 턴 ---
[2025-09-26 11:18:38] [INFO] [플레이어] 전사 test 체력 감소! 남은 체력: 48
[2025-09-26 11:18:38] [INFO] [적] 마법사 기본 공격! 22 데미지
[2025-09-26 11:18:38] [INFO] [플레이어] 전사 test | LV: 2 | HP: 48/110
[2025-09-26 11:18:39] [INFO] --- 플레이어 - [플레이어] 전사 test의 턴 ---
[2025-09-26 11:18:40] [INFO] [적] 마법사 체력 감소! 남은 체력: 44
[2025-09-26 11:18:40] [INFO] [플레이어] 전사 test 기본 공격! 18 데미지
[2025-09-26 11:18:40] [INFO] [플레이어] 전사 test 턴 종료 후 체력 2 회복 → 현재 HP: 50
[2025-09-26 11:18:40] [INFO] [적] 마법사 | LV: 1 | HP: 44/80 | Mana: 100
[2025-09-26 11:18:41] [INFO] --- 적 - [적] 마법사의 턴 ---
[2025-09-26 11:18:41] [INFO] [플레이어] 전사 test 체력 감소! 남은 체력: 28
[2025-09-26 11:18:41] [INFO] [적] 마법사 기본 공격! 22 데미지
[2025-09-26 11:18:41] [INFO] [플레이어] 전사 test | LV: 2 | HP: 28/110
[2025-09-26 11:18:42] [INFO] --- 플레이어 - [플레이어] 전사 test의 턴 ---
[2025-09-26 11:18:43] [INFO] [적] 마법사 체력 감소! 남은 체력: 26
[2025-09-26 11:18:43] [INFO] [플레이어] 전사 test 기본 공격! 18 데미지
[2025-09-26 11:18:43] [INFO] [플레이어] 전사 test 턴 종료 후 체력 2 회복 → 현재 HP: 30
[2025-09-26 11:18:43] [INFO] [적] 마법사 | LV: 1 | HP: 26/80 | Mana: 100
[2025-09-26 11:18:44] [INFO] --- 적 - [적] 마법사의 턴 ---
[2025-09-26 11:18:44] [INFO] [플레이어] 전사 test 체력 감소! 남은 체력: 8
[2025-09-26 11:18:44] [INFO] [적] 마법사 기본 공격! 22 데미지
[2025-09-26 11:18:44] [INFO] [플레이어] 전사 test | LV: 2 | HP: 8/110
[2025-09-26 11:18:45] [INFO] --- 플레이어 - [플레이어] 전사 test의 턴 ---
[2025-09-26 11:18:46] [INFO] [적] 마법사 체력 감소! 남은 체력: 0
[2025-09-26 11:18:46] [INFO] [플레이어] 전사 test 강력한 일격!! 35 데미지, 체력 5 감소 → 남은 HP: 3
[2025-09-26 11:18:46] [INFO] [플레이어] 전사 test 턴 종료 후 체력 2 회복 → 현재 HP: 5
[2025-09-26 11:18:46] [INFO] [적] 마법사 | LV: 1 | HP: 0/80 | Mana: 100
[2025-09-26 11:18:47] [INFO] 🎉 플레이어 - [플레이어] 전사 test 승리! 🎉
[2025-09-26 11:18:47] [INFO] ✨ [플레이어] 전사 test 레벨업! LV:3, HP:130, ATK:26
[2025-09-26 11:18:47] [INFO] 🎁 랜덤 이벤트: 체력 회복 포션 획득! 최대 HP +15
[2025-09-26 11:18:47] [INFO] 🔄 [플레이어] 전사 test 초기화 완료 → HP 145, MANA 0
[2025-09-26 11:18:47] [INFO] 🔄 [적] 마법사 초기화 완료 → HP 80, MANA 100
[2025-09-26 11:18:47] [INFO] --- 다음 라운드를 위해 체력/마나/상태 초기화 완료 ---
[2025-09-26 11:20:28] [INFO] 게임을 종료합니다. 👋
