[2025-09-26 14:13:56] [INFO] 🔄 [플레이어] 전사 경은이 초기화 완료 → HP 100, MANA 0, ATK 15
[2025-09-26 14:13:56] [INFO] 🔄 [적] 도적 초기화 완료 → HP 90, MANA 0, ATK 12
[2025-09-26 14:13:56] [INFO] === 전투 시작: 플레이어 - [플레이어] 전사 경은이 VS 적 - [적] 도적 ===
[2025-09-26 14:13:56] [INFO] ※ 플레이어이(가) 먼저 공격합니다!
[2025-09-26 14:13:57] [INFO] --- 플레이어 - [플레이어] 전사 경은이의 턴 ---
[2025-09-26 14:13:58] [INFO] [플레이어] 전사 경은이 특수 공격 실패!
[2025-09-26 14:13:58] [INFO] [플레이어] 전사 경은이 턴 종료 후 현재 HP: 100
[2025-09-26 14:13:58] [INFO] [적] 도적 | LV: 1 | HP: 90/90
[2025-09-26 14:13:58] [INFO] --- 적 - [적] 도적의 턴 ---
[2025-09-26 14:13:58] [INFO] [플레이어] 전사 경은이 체력 감소! 남은 체력: 71
[2025-09-26 14:13:58] [INFO] [적] 도적 급습 성공! 29 데미지
[2025-09-26 14:13:58] [INFO] [플레이어] 전사 경은이 | LV: 1 | HP: 71/100
[2025-09-26 14:14:00] [INFO] --- 플레이어 - [플레이어] 전사 경은이의 턴 ---
[2025-09-26 14:14:00] [INFO] [플레이어] 전사 경은이 특수 공격 실패!
[2025-09-26 14:14:00] [INFO] [플레이어] 전사 경은이 턴 종료 후 체력 2 회복 → 현재 HP: 73
[2025-09-26 14:14:00] [INFO] [적] 도적 | LV: 1 | HP: 90/90
[2025-09-26 14:14:00] [INFO] --- 적 - [적] 도적의 턴 ---
[2025-09-26 14:14:00] [INFO] [플레이어] 전사 경은이 체력 감소! 남은 체력: 44
[2025-09-26 14:14:00] [INFO] [적] 도적 급습 성공! 29 데미지
[2025-09-26 14:14:00] [INFO] [플레이어] 전사 경은이 | LV: 1 | HP: 44/100
[2025-09-26 14:14:02] [INFO] --- 플레이어 - [플레이어] 전사 경은이의 턴 ---
[2025-09-26 14:14:02] [INFO] [플레이어] 전사 경은이 특수 공격 실패!
[2025-09-26 14:14:02] [INFO] [플레이어] 전사 경은이 턴 종료 후 체력 2 회복 → 현재 HP: 46
[2025-09-26 14:14:02] [INFO] [적] 도적 | LV: 1 | HP: 90/90
[2025-09-26 14:14:03] [INFO] --- 적 - [적] 도적의 턴 ---
[2025-09-26 14:14:03] [INFO] [플레이어] 전사 경은이 체력 감소! 남은 체력: 17
[2025-09-26 14:14:03] [INFO] [적] 도적 급습 성공! 29 데미지
[2025-09-26 14:14:03] [INFO] [플레이어] 전사 경은이 | LV: 1 | HP: 17/100
[2025-09-26 14:14:04] [INFO] --- 플레이어 - [플레이어] 전사 경은이의 턴 ---
[2025-09-26 14:14:05] [INFO] [플레이어] 전사 경은이 특수 공격 실패!
[2025-09-26 14:14:05] [INFO] [플레이어] 전사 경은이 턴 종료 후 체력 2 회복 → 현재 HP: 19
[2025-09-26 14:14:05] [INFO] [적] 도적 | LV: 1 | HP: 90/90
[2025-09-26 14:14:06] [INFO] --- 적 - [적] 도적의 턴 ---
[2025-09-26 14:14:06] [INFO] [플레이어] 전사 경은이이(가) 공격을 회피하였습니다!
[2025-09-26 14:14:06] [INFO] [플레이어] 전사 경은이 | LV: 1 | HP: 19/100
[2025-09-26 14:14:07] [INFO] --- 플레이어 - [플레이어] 전사 경은이의 턴 ---
[2025-09-26 14:14:07] [INFO] [적] 도적 체력 감소! 남은 체력: 54
[2025-09-26 14:14:07] [INFO] [플레이어] 전사 경은이 강력한 일격!! 36 데미지, 체력 5 감소 → 남은 HP: 14
[2025-09-26 14:14:07] [INFO] [플레이어] 전사 경은이 턴 종료 후 체력 2 회복 → 현재 HP: 16
[2025-09-26 14:14:07] [INFO] [적] 도적 | LV: 1 | HP: 54/90
[2025-09-26 14:14:08] [INFO] --- 적 - [적] 도적의 턴 ---
[2025-09-26 14:14:08] [INFO] [플레이어] 전사 경은이이(가) 공격을 회피하였습니다!
[2025-09-26 14:14:08] [INFO] [플레이어] 전사 경은이 | LV: 1 | HP: 16/100
[2025-09-26 14:14:09] [INFO] --- 플레이어 - [플레이어] 전사 경은이의 턴 ---
[2025-09-26 14:14:09] [INFO] [적] 도적 체력 감소! 남은 체력: 36
[2025-09-26 14:14:09] [INFO] [플레이어] 전사 경은이 기본 공격! 18 데미지
[2025-09-26 14:14:09] [INFO] [플레이어] 전사 경은이 턴 종료 후 체력 2 회복 → 현재 HP: 18
[2025-09-26 14:14:09] [INFO] [적] 도적 | LV: 1 | HP: 36/90
[2025-09-26 14:14:10] [INFO] --- 적 - [적] 도적의 턴 ---
[2025-09-26 14:14:10] [INFO] [플레이어] 전사 경은이 체력 감소! 남은 체력: 8
[2025-09-26 14:14:10] [INFO] [적] 도적 기본 공격! 10 데미지
[2025-09-26 14:14:10] [INFO] [플레이어] 전사 경은이 | LV: 1 | HP: 8/100
[2025-09-26 14:14:11] [INFO] --- 플레이어 - [플레이어] 전사 경은이의 턴 ---
[2025-09-26 14:14:12] [INFO] [적] 도적 체력 감소! 남은 체력: 18
[2025-09-26 14:14:12] [INFO] [플레이어] 전사 경은이 기본 공격! 18 데미지
[2025-09-26 14:14:12] [INFO] [플레이어] 전사 경은이 턴 종료 후 체력 2 회복 → 현재 HP: 10
[2025-09-26 14:14:12] [INFO] [적] 도적 | LV: 1 | HP: 18/90
[2025-09-26 14:14:12] [INFO] --- 적 - [적] 도적의 턴 ---
[2025-09-26 14:14:12] [INFO] [플레이어] 전사 경은이 체력 감소! 남은 체력: 0
[2025-09-26 14:14:12] [INFO] [적] 도적 급습 성공! 29 데미지
[2025-09-26 14:14:12] [INFO] [플레이어] 전사 경은이 | LV: 1 | HP: 0/100
[2025-09-26 14:14:14] [INFO] 💀 플레이어 [플레이어] 전사 경은이 패배...💀
[2025-09-26 14:14:14] [INFO] 💀 당신은 패배했습니다. 게임 오버...
